2017-06-06 09:46:37,288 INFO     application start
2017-06-06 09:46:37,288 INFO     application start
2017-06-06 09:46:37,818 INFO     GUI load complete
2017-06-06 09:46:37,818 INFO     GUI load complete
2017-06-06 12:00:29,533 INFO     application start
2017-06-06 12:00:29,533 INFO     application start
2017-06-06 12:00:33,273 CRITICAL uncaught exception:

Traceback (most recent call last):
  File "D:\00 eigene Daten\000 FH\S 4\Regelungstechnik\Regelungsversuch\microRay\gui\mainWindow.py", line 781, in receiveAndSend
    self.receive()
  File "D:\00 eigene Daten\000 FH\S 4\Regelungstechnik\Regelungsversuch\microRay\gui\mainWindow.py", line 788, in receive
    self.calculateSomeStuff(message)
  File "D:\00 eigene Daten\000 FH\S 4\Regelungstechnik\Regelungsversuch\microRay\gui\mainWindow.py", line 811, in calculateSomeStuff
    if loopCycleDuration < self.loopDurationMin:
AttributeError: 'MicroRayMainWindow' object has no attribute 'loopDurationMin'

2017-06-06 12:00:33,273 CRITICAL uncaught exception:

Traceback (most recent call last):
  File "D:\00 eigene Daten\000 FH\S 4\Regelungstechnik\Regelungsversuch\microRay\gui\mainWindow.py", line 781, in receiveAndSend
    self.receive()
  File "D:\00 eigene Daten\000 FH\S 4\Regelungstechnik\Regelungsversuch\microRay\gui\mainWindow.py", line 788, in receive
    self.calculateSomeStuff(message)
  File "D:\00 eigene Daten\000 FH\S 4\Regelungstechnik\Regelungsversuch\microRay\gui\mainWindow.py", line 811, in calculateSomeStuff
    if loopCycleDuration < self.loopDurationMin:
AttributeError: 'MicroRayMainWindow' object has no attribute 'loopDurationMin'

2017-06-06 12:00:33,309 CRITICAL uncaught exception:

Traceback (most recent call last):
  File "D:\00 eigene Daten\000 FH\S 4\Regelungstechnik\Regelungsversuch\microRay\gui\mainWindow.py", line 781, in receiveAndSend
    self.receive()
  File "D:\00 eigene Daten\000 FH\S 4\Regelungstechnik\Regelungsversuch\microRay\gui\mainWindow.py", line 788, in receive
    self.calculateSomeStuff(message)
  File "D:\00 eigene Daten\000 FH\S 4\Regelungstechnik\Regelungsversuch\microRay\gui\mainWindow.py", line 811, in calculateSomeStuff
    if loopCycleDuration < self.loopDurationMin:
AttributeError: 'MicroRayMainWindow' object has no attribute 'loopDurationMin'

2017-06-06 12:00:33,309 CRITICAL uncaught exception:

Traceback (most recent call last):
  File "D:\00 eigene Daten\000 FH\S 4\Regelungstechnik\Regelungsversuch\microRay\gui\mainWindow.py", line 781, in receiveAndSend
    self.receive()
  File "D:\00 eigene Daten\000 FH\S 4\Regelungstechnik\Regelungsversuch\microRay\gui\mainWindow.py", line 788, in receive
    self.calculateSomeStuff(message)
  File "D:\00 eigene Daten\000 FH\S 4\Regelungstechnik\Regelungsversuch\microRay\gui\mainWindow.py", line 811, in calculateSomeStuff
    if loopCycleDuration < self.loopDurationMin:
AttributeError: 'MicroRayMainWindow' object has no attribute 'loopDurationMin'

2017-06-06 12:00:33,322 CRITICAL uncaught exception:

Traceback (most recent call last):
  File "D:\00 eigene Daten\000 FH\S 4\Regelungstechnik\Regelungsversuch\microRay\gui\mainWindow.py", line 781, in receiveAndSend
    self.receive()
  File "D:\00 eigene Daten\000 FH\S 4\Regelungstechnik\Regelungsversuch\microRay\gui\mainWindow.py", line 788, in receive
    self.calculateSomeStuff(message)
  File "D:\00 eigene Daten\000 FH\S 4\Regelungstechnik\Regelungsversuch\microRay\gui\mainWindow.py", line 811, in calculateSomeStuff
    if loopCycleDuration < self.loopDurationMin:
AttributeError: 'MicroRayMainWindow' object has no attribute 'loopDurationMin'

2017-06-06 12:00:33,322 CRITICAL uncaught exception:

Traceback (most recent call last):
  File "D:\00 eigene Daten\000 FH\S 4\Regelungstechnik\Regelungsversuch\microRay\gui\mainWindow.py", line 781, in receiveAndSend
    self.receive()
  File "D:\00 eigene Daten\000 FH\S 4\Regelungstechnik\Regelungsversuch\microRay\gui\mainWindow.py", line 788, in receive
    self.calculateSomeStuff(message)
  File "D:\00 eigene Daten\000 FH\S 4\Regelungstechnik\Regelungsversuch\microRay\gui\mainWindow.py", line 811, in calculateSomeStuff
    if loopCycleDuration < self.loopDurationMin:
AttributeError: 'MicroRayMainWindow' object has no attribute 'loopDurationMin'

2017-06-06 12:00:33,334 INFO     GUI load complete
2017-06-06 12:00:33,334 INFO     GUI load complete
2017-06-06 12:01:53,224 INFO     application start
2017-06-06 12:01:53,224 INFO     application start
2017-06-06 12:01:54,236 CRITICAL uncaught exception:

Traceback (most recent call last):
  File "D:\00 eigene Daten\000 FH\S 4\Regelungstechnik\Regelungsversuch\microRay\gui\mainWindow.py", line 781, in receiveAndSend
    self.receive()
  File "D:\00 eigene Daten\000 FH\S 4\Regelungstechnik\Regelungsversuch\microRay\gui\mainWindow.py", line 788, in receive
    self.calculateSomeStuff(message)
  File "D:\00 eigene Daten\000 FH\S 4\Regelungstechnik\Regelungsversuch\microRay\gui\mainWindow.py", line 811, in calculateSomeStuff
    if loopCycleDuration < self.loopDurationMin:
AttributeError: 'MicroRayMainWindow' object has no attribute 'loopDurationMin'

2017-06-06 12:01:54,236 CRITICAL uncaught exception:

Traceback (most recent call last):
  File "D:\00 eigene Daten\000 FH\S 4\Regelungstechnik\Regelungsversuch\microRay\gui\mainWindow.py", line 781, in receiveAndSend
    self.receive()
  File "D:\00 eigene Daten\000 FH\S 4\Regelungstechnik\Regelungsversuch\microRay\gui\mainWindow.py", line 788, in receive
    self.calculateSomeStuff(message)
  File "D:\00 eigene Daten\000 FH\S 4\Regelungstechnik\Regelungsversuch\microRay\gui\mainWindow.py", line 811, in calculateSomeStuff
    if loopCycleDuration < self.loopDurationMin:
AttributeError: 'MicroRayMainWindow' object has no attribute 'loopDurationMin'

2017-06-06 12:01:54,259 CRITICAL uncaught exception:

Traceback (most recent call last):
  File "D:\00 eigene Daten\000 FH\S 4\Regelungstechnik\Regelungsversuch\microRay\gui\mainWindow.py", line 781, in receiveAndSend
    self.receive()
  File "D:\00 eigene Daten\000 FH\S 4\Regelungstechnik\Regelungsversuch\microRay\gui\mainWindow.py", line 788, in receive
    self.calculateSomeStuff(message)
  File "D:\00 eigene Daten\000 FH\S 4\Regelungstechnik\Regelungsversuch\microRay\gui\mainWindow.py", line 811, in calculateSomeStuff
    if loopCycleDuration < self.loopDurationMin:
AttributeError: 'MicroRayMainWindow' object has no attribute 'loopDurationMin'

2017-06-06 12:01:54,259 CRITICAL uncaught exception:

Traceback (most recent call last):
  File "D:\00 eigene Daten\000 FH\S 4\Regelungstechnik\Regelungsversuch\microRay\gui\mainWindow.py", line 781, in receiveAndSend
    self.receive()
  File "D:\00 eigene Daten\000 FH\S 4\Regelungstechnik\Regelungsversuch\microRay\gui\mainWindow.py", line 788, in receive
    self.calculateSomeStuff(message)
  File "D:\00 eigene Daten\000 FH\S 4\Regelungstechnik\Regelungsversuch\microRay\gui\mainWindow.py", line 811, in calculateSomeStuff
    if loopCycleDuration < self.loopDurationMin:
AttributeError: 'MicroRayMainWindow' object has no attribute 'loopDurationMin'

2017-06-06 12:01:54,273 INFO     GUI load complete
2017-06-06 12:01:54,273 INFO     GUI load complete
2017-06-06 12:07:30,246 INFO     application start
2017-06-06 12:07:30,246 INFO     application start
2017-06-06 12:07:31,302 CRITICAL uncaught exception:

Traceback (most recent call last):
  File "D:\00 eigene Daten\000 FH\S 4\Regelungstechnik\Regelungsversuch\microRay\gui\mainWindow.py", line 788, in receiveAndSend
    self.receive()
  File "D:\00 eigene Daten\000 FH\S 4\Regelungstechnik\Regelungsversuch\microRay\gui\mainWindow.py", line 795, in receive
    self.calculateSomeStuff(message)
  File "D:\00 eigene Daten\000 FH\S 4\Regelungstechnik\Regelungsversuch\microRay\gui\mainWindow.py", line 818, in calculateSomeStuff
    if loopCycleDuration < self.loopDurationMin:
AttributeError: 'MicroRayMainWindow' object has no attribute 'loopDurationMin'

2017-06-06 12:07:31,302 CRITICAL uncaught exception:

Traceback (most recent call last):
  File "D:\00 eigene Daten\000 FH\S 4\Regelungstechnik\Regelungsversuch\microRay\gui\mainWindow.py", line 788, in receiveAndSend
    self.receive()
  File "D:\00 eigene Daten\000 FH\S 4\Regelungstechnik\Regelungsversuch\microRay\gui\mainWindow.py", line 795, in receive
    self.calculateSomeStuff(message)
  File "D:\00 eigene Daten\000 FH\S 4\Regelungstechnik\Regelungsversuch\microRay\gui\mainWindow.py", line 818, in calculateSomeStuff
    if loopCycleDuration < self.loopDurationMin:
AttributeError: 'MicroRayMainWindow' object has no attribute 'loopDurationMin'

2017-06-06 12:07:31,326 CRITICAL uncaught exception:

Traceback (most recent call last):
  File "D:\00 eigene Daten\000 FH\S 4\Regelungstechnik\Regelungsversuch\microRay\gui\mainWindow.py", line 788, in receiveAndSend
    self.receive()
  File "D:\00 eigene Daten\000 FH\S 4\Regelungstechnik\Regelungsversuch\microRay\gui\mainWindow.py", line 795, in receive
    self.calculateSomeStuff(message)
  File "D:\00 eigene Daten\000 FH\S 4\Regelungstechnik\Regelungsversuch\microRay\gui\mainWindow.py", line 818, in calculateSomeStuff
    if loopCycleDuration < self.loopDurationMin:
AttributeError: 'MicroRayMainWindow' object has no attribute 'loopDurationMin'

2017-06-06 12:07:31,326 CRITICAL uncaught exception:

Traceback (most recent call last):
  File "D:\00 eigene Daten\000 FH\S 4\Regelungstechnik\Regelungsversuch\microRay\gui\mainWindow.py", line 788, in receiveAndSend
    self.receive()
  File "D:\00 eigene Daten\000 FH\S 4\Regelungstechnik\Regelungsversuch\microRay\gui\mainWindow.py", line 795, in receive
    self.calculateSomeStuff(message)
  File "D:\00 eigene Daten\000 FH\S 4\Regelungstechnik\Regelungsversuch\microRay\gui\mainWindow.py", line 818, in calculateSomeStuff
    if loopCycleDuration < self.loopDurationMin:
AttributeError: 'MicroRayMainWindow' object has no attribute 'loopDurationMin'

2017-06-06 12:07:31,341 INFO     GUI load complete
2017-06-06 12:07:31,341 INFO     GUI load complete
2017-06-06 12:09:22,483 INFO     application start
2017-06-06 12:09:22,483 INFO     application start
2017-06-06 12:09:23,474 CRITICAL uncaught exception:

Traceback (most recent call last):
  File "D:\00 eigene Daten\000 FH\S 4\Regelungstechnik\Regelungsversuch\microRay\gui\mainWindow.py", line 788, in receiveAndSend
    self.receive()
  File "D:\00 eigene Daten\000 FH\S 4\Regelungstechnik\Regelungsversuch\microRay\gui\mainWindow.py", line 795, in receive
    self.calculateSomeStuff(message)
  File "D:\00 eigene Daten\000 FH\S 4\Regelungstechnik\Regelungsversuch\microRay\gui\mainWindow.py", line 818, in calculateSomeStuff
    if loopCycleDuration < self.loopDurationMin:
AttributeError: 'MicroRayMainWindow' object has no attribute 'loopDurationMin'

2017-06-06 12:09:23,474 CRITICAL uncaught exception:

Traceback (most recent call last):
  File "D:\00 eigene Daten\000 FH\S 4\Regelungstechnik\Regelungsversuch\microRay\gui\mainWindow.py", line 788, in receiveAndSend
    self.receive()
  File "D:\00 eigene Daten\000 FH\S 4\Regelungstechnik\Regelungsversuch\microRay\gui\mainWindow.py", line 795, in receive
    self.calculateSomeStuff(message)
  File "D:\00 eigene Daten\000 FH\S 4\Regelungstechnik\Regelungsversuch\microRay\gui\mainWindow.py", line 818, in calculateSomeStuff
    if loopCycleDuration < self.loopDurationMin:
AttributeError: 'MicroRayMainWindow' object has no attribute 'loopDurationMin'

2017-06-06 12:09:23,497 CRITICAL uncaught exception:

Traceback (most recent call last):
  File "D:\00 eigene Daten\000 FH\S 4\Regelungstechnik\Regelungsversuch\microRay\gui\mainWindow.py", line 788, in receiveAndSend
    self.receive()
  File "D:\00 eigene Daten\000 FH\S 4\Regelungstechnik\Regelungsversuch\microRay\gui\mainWindow.py", line 795, in receive
    self.calculateSomeStuff(message)
  File "D:\00 eigene Daten\000 FH\S 4\Regelungstechnik\Regelungsversuch\microRay\gui\mainWindow.py", line 818, in calculateSomeStuff
    if loopCycleDuration < self.loopDurationMin:
AttributeError: 'MicroRayMainWindow' object has no attribute 'loopDurationMin'

2017-06-06 12:09:23,497 CRITICAL uncaught exception:

Traceback (most recent call last):
  File "D:\00 eigene Daten\000 FH\S 4\Regelungstechnik\Regelungsversuch\microRay\gui\mainWindow.py", line 788, in receiveAndSend
    self.receive()
  File "D:\00 eigene Daten\000 FH\S 4\Regelungstechnik\Regelungsversuch\microRay\gui\mainWindow.py", line 795, in receive
    self.calculateSomeStuff(message)
  File "D:\00 eigene Daten\000 FH\S 4\Regelungstechnik\Regelungsversuch\microRay\gui\mainWindow.py", line 818, in calculateSomeStuff
    if loopCycleDuration < self.loopDurationMin:
AttributeError: 'MicroRayMainWindow' object has no attribute 'loopDurationMin'

2017-06-06 12:09:23,517 INFO     GUI load complete
2017-06-06 12:09:23,517 INFO     GUI load complete
2017-06-06 12:41:12,951 INFO     application start
2017-06-06 12:41:12,951 INFO     application start
2017-06-06 12:41:14,114 CRITICAL uncaught exception:

Traceback (most recent call last):
  File "D:\00 eigene Daten\000 FH\S 4\Regelungstechnik\Regelungsversuch\microRay\gui\mainWindow.py", line 788, in receiveAndSend
    self.receive()
  File "D:\00 eigene Daten\000 FH\S 4\Regelungstechnik\Regelungsversuch\microRay\gui\mainWindow.py", line 795, in receive
    self.calculateSomeStuff(message)
  File "D:\00 eigene Daten\000 FH\S 4\Regelungstechnik\Regelungsversuch\microRay\gui\mainWindow.py", line 818, in calculateSomeStuff
    if loopCycleDuration < self.loopDurationMin:
AttributeError: 'MicroRayMainWindow' object has no attribute 'loopDurationMin'

2017-06-06 12:41:14,114 CRITICAL uncaught exception:

Traceback (most recent call last):
  File "D:\00 eigene Daten\000 FH\S 4\Regelungstechnik\Regelungsversuch\microRay\gui\mainWindow.py", line 788, in receiveAndSend
    self.receive()
  File "D:\00 eigene Daten\000 FH\S 4\Regelungstechnik\Regelungsversuch\microRay\gui\mainWindow.py", line 795, in receive
    self.calculateSomeStuff(message)
  File "D:\00 eigene Daten\000 FH\S 4\Regelungstechnik\Regelungsversuch\microRay\gui\mainWindow.py", line 818, in calculateSomeStuff
    if loopCycleDuration < self.loopDurationMin:
AttributeError: 'MicroRayMainWindow' object has no attribute 'loopDurationMin'

2017-06-06 12:41:14,141 CRITICAL uncaught exception:

Traceback (most recent call last):
  File "D:\00 eigene Daten\000 FH\S 4\Regelungstechnik\Regelungsversuch\microRay\gui\mainWindow.py", line 788, in receiveAndSend
    self.receive()
  File "D:\00 eigene Daten\000 FH\S 4\Regelungstechnik\Regelungsversuch\microRay\gui\mainWindow.py", line 795, in receive
    self.calculateSomeStuff(message)
  File "D:\00 eigene Daten\000 FH\S 4\Regelungstechnik\Regelungsversuch\microRay\gui\mainWindow.py", line 818, in calculateSomeStuff
    if loopCycleDuration < self.loopDurationMin:
AttributeError: 'MicroRayMainWindow' object has no attribute 'loopDurationMin'

2017-06-06 12:41:14,141 CRITICAL uncaught exception:

Traceback (most recent call last):
  File "D:\00 eigene Daten\000 FH\S 4\Regelungstechnik\Regelungsversuch\microRay\gui\mainWindow.py", line 788, in receiveAndSend
    self.receive()
  File "D:\00 eigene Daten\000 FH\S 4\Regelungstechnik\Regelungsversuch\microRay\gui\mainWindow.py", line 795, in receive
    self.calculateSomeStuff(message)
  File "D:\00 eigene Daten\000 FH\S 4\Regelungstechnik\Regelungsversuch\microRay\gui\mainWindow.py", line 818, in calculateSomeStuff
    if loopCycleDuration < self.loopDurationMin:
AttributeError: 'MicroRayMainWindow' object has no attribute 'loopDurationMin'

2017-06-06 12:41:14,163 INFO     GUI load complete
2017-06-06 12:41:14,163 INFO     GUI load complete
2017-06-06 12:41:23,970 INFO     application start
2017-06-06 12:41:23,970 INFO     application start
2017-06-06 12:41:24,480 INFO     GUI load complete
2017-06-06 12:41:24,480 INFO     GUI load complete
2017-06-06 12:41:40,279 INFO     application start
2017-06-06 12:41:40,279 INFO     application start
2017-06-06 12:41:40,789 INFO     GUI load complete
2017-06-06 12:41:40,789 INFO     GUI load complete
2017-06-06 12:43:36,043 INFO     application start
2017-06-06 12:43:36,043 INFO     application start
2017-06-06 12:43:36,549 INFO     GUI load complete
2017-06-06 12:43:36,549 INFO     GUI load complete
2017-06-06 12:52:33,137 INFO     application start
2017-06-06 12:52:33,137 INFO     application start
2017-06-06 12:52:33,671 INFO     GUI load complete
2017-06-06 12:52:33,671 INFO     GUI load complete
2017-06-06 12:52:45,322 INFO     application start
2017-06-06 12:52:45,322 INFO     application start
2017-06-06 12:52:45,828 INFO     GUI load complete
2017-06-06 12:52:45,828 INFO     GUI load complete
2017-06-06 12:53:19,500 INFO     application start
2017-06-06 12:53:19,500 INFO     application start
2017-06-06 12:53:20,003 INFO     GUI load complete
2017-06-06 12:53:20,003 INFO     GUI load complete
2017-06-06 12:53:37,236 INFO     application start
2017-06-06 12:53:37,236 INFO     application start
2017-06-06 12:53:37,780 INFO     GUI load complete
2017-06-06 12:53:37,780 INFO     GUI load complete
2017-06-06 12:54:54,036 INFO     application start
2017-06-06 12:54:54,036 INFO     application start
2017-06-06 12:54:54,539 INFO     GUI load complete
2017-06-06 12:54:54,539 INFO     GUI load complete
2017-06-06 12:55:06,388 INFO     application start
2017-06-06 12:55:06,388 INFO     application start
2017-06-06 12:55:06,907 INFO     GUI load complete
2017-06-06 12:55:06,907 INFO     GUI load complete
2017-06-06 12:55:29,785 INFO     application start
2017-06-06 12:55:29,785 INFO     application start
2017-06-06 12:55:30,306 INFO     GUI load complete
2017-06-06 12:55:30,306 INFO     GUI load complete
2017-06-06 12:55:37,914 INFO     application start
2017-06-06 12:55:37,914 INFO     application start
2017-06-06 12:55:38,447 INFO     GUI load complete
2017-06-06 12:55:38,447 INFO     GUI load complete
2017-06-06 12:56:21,756 INFO     application start
2017-06-06 12:56:21,756 INFO     application start
2017-06-06 12:56:22,263 INFO     GUI load complete
2017-06-06 12:56:22,263 INFO     GUI load complete
2017-06-06 12:56:46,476 INFO     application start
2017-06-06 12:56:46,476 INFO     application start
2017-06-06 12:56:47,026 INFO     GUI load complete
2017-06-06 12:56:47,026 INFO     GUI load complete
2017-06-06 12:57:50,859 INFO     application start
2017-06-06 12:57:50,859 INFO     application start
2017-06-06 12:57:51,397 INFO     GUI load complete
2017-06-06 12:57:51,397 INFO     GUI load complete
2017-06-06 12:58:14,634 INFO     application start
2017-06-06 12:58:14,634 INFO     application start
2017-06-06 12:58:15,177 INFO     GUI load complete
2017-06-06 12:58:15,177 INFO     GUI load complete
